<?xml version="1.0" encoding="UTF-8"?>
<!-- Generated by org.testng.reporters.JUnitReportReporter -->
<testsuite hostname="DESKTOP-VBH6LU1" failures="0" tests="12" name="mutation.NominaSocioTest" time="0.024" errors="0" timestamp="2023-12-31T00:27:16 ART" skipped="0">
  <testcase classname="mutation.NominaSocioTest" name="asociarPersona" time="0.001"/>
  <testcase classname="mutation.NominaSocioTest" name="asociarPersona" time="0.001"/>
  <testcase classname="mutation.NominaSocioTest" name="asociarPersona" time="0.001"/>
  <testcase classname="mutation.NominaSocioTest" name="asociarPersona" time="0.002"/>
  <testcase classname="mutation.NominaSocioTest" name="asociarPersona" time="0.002"/>
  <testcase classname="mutation.NominaSocioTest" name="asociarPersona" time="0.002"/>
  <testcase classname="mutation.NominaSocioTest" name="asociarPersona" time="0.006"/>
  <testcase classname="mutation.NominaSocioTest" name="asociarPersona" time="0.005"/>
  <testcase classname="mutation.NominaSocioTest" name="asociarPersona" time="0.001"/>
  <testcase classname="mutation.NominaSocioTest" name="asociarPersona" time="0.000"/>
  <testcase classname="mutation.NominaSocioTest" name="bajaSocio" time="0.002"/>
  <testcase classname="mutation.NominaSocioTest" name="bajaThrowsNoExisteSocio" time="0.001"/>
</testsuite> <!-- mutation.NominaSocioTest -->
