<?xml version="1.0" encoding="UTF-8"?>
<!-- Generated by org.testng.reporters.JUnitReportReporter -->
<testsuite hostname="DESKTOP-VBH6LU1" failures="0" tests="27" name="mutation.ActividadTest" time="0.018" errors="0" timestamp="2023-12-31T00:27:16 ART" skipped="0">
  <testcase classname="mutation.ActividadTest" name="testSetEncargado" time="0.000"/>
  <testcase classname="mutation.ActividadTest" name="testSetEncargado" time="0.000"/>
  <testcase classname="mutation.ActividadTest" name="testInscripcionSocio" time="0.000"/>
  <testcase classname="mutation.ActividadTest" name="testSetEncargado" time="0.000"/>
  <testcase classname="mutation.ActividadTest" name="testInscripcionSocio" time="0.000"/>
  <testcase classname="mutation.ActividadTest" name="testSetEncargado" time="0.001"/>
  <testcase classname="mutation.ActividadTest" name="testSetEncargado" time="0.000"/>
  <testcase classname="mutation.ActividadTest" name="testSetEncargado" time="0.001"/>
  <testcase classname="mutation.ActividadTest" name="testSetEncargado" time="0.000"/>
  <testcase classname="mutation.ActividadTest" name="testSetEncargado" time="0.001"/>
  <testcase classname="mutation.ActividadTest" name="testSetEncargado" time="0.000"/>
  <testcase classname="mutation.ActividadTest" name="testInscripcionSocio" time="0.004"/>
  <testcase classname="mutation.ActividadTest" name="testNoSuperarCupo" time="0.001"/>
  <testcase classname="mutation.ActividadTest" name="testInscripcionSocio" time="0.000"/>
  <testcase classname="mutation.ActividadTest" name="testSetEncargado" time="0.001"/>
  <testcase classname="mutation.ActividadTest" name="testInscripcionSocio" time="0.002"/>
  <testcase classname="mutation.ActividadTest" name="testSetEncargado" time="0.001"/>
  <testcase classname="mutation.ActividadTest" name="testSetEncargado" time="0.001"/>
  <testcase classname="mutation.ActividadTest" name="testInscripcionSocio" time="0.001"/>
  <testcase classname="mutation.ActividadTest" name="testSetEncargado" time="0.000"/>
  <testcase classname="mutation.ActividadTest" name="testInscripcionSocio" time="0.001"/>
  <testcase classname="mutation.ActividadTest" name="testSetEncargado" time="0.000"/>
  <testcase classname="mutation.ActividadTest" name="testInscripcionSocio" time="0.000"/>
  <testcase classname="mutation.ActividadTest" name="testSetEncargado" time="0.001"/>
  <testcase classname="mutation.ActividadTest" name="testInscripcionSocio" time="0.001"/>
  <testcase classname="mutation.ActividadTest" name="testNoInscribirSocioDeEdadInsuficiente" time="0.001"/>
  <testcase classname="mutation.ActividadTest" name="testInscripcionSocio" time="0.000"/>
</testsuite> <!-- mutation.ActividadTest -->
