<?xml version="1.0" encoding="UTF-8"?>
<testsuite xmlns:xsi="http://www.w3.org/2001/XMLSchema-instance" xsi:noNamespaceSchemaLocation="https://maven.apache.org/surefire/maven-surefire-plugin/xsd/surefire-test-report-3.0.xsd" version="3.0" name="TestSuite" time="0.813" tests="39" errors="0" skipped="0" failures="0">
  <properties>
    <property name="java.specification.version" value="17"/>
    <property name="sun.cpu.isalist" value="amd64"/>
    <property name="sun.jnu.encoding" value="Cp1252"/>
    <property name="java.class.path" value="c:\Users\Usuario\Downloads\Materias\TDV\TP Integrador-20231218T170046Z-001\Entrega TP Integrador Carli Marlene\mutation\mutation-proyect\target\test-classes;c:\Users\Usuario\Downloads\Materias\TDV\TP Integrador-20231218T170046Z-001\Entrega TP Integrador Carli Marlene\mutation\mutation-proyect\target\classes;C:\Users\Usuario\.m2\repository\org\testng\testng\7.9.0\testng-7.9.0.jar;C:\Users\Usuario\.m2\repository\org\slf4j\slf4j-api\1.7.36\slf4j-api-1.7.36.jar;C:\Users\Usuario\.m2\repository\com\beust\jcommander\1.82\jcommander-1.82.jar;C:\Users\Usuario\.m2\repository\org\webjars\jquery\3.7.1\jquery-3.7.1.jar;C:\Users\Usuario\.m2\repository\org\pitest\pitest\1.15.3\pitest-1.15.3.jar;C:\Users\Usuario\.m2\repository\org\pitest\pitest-maven\1.15.3\pitest-maven-1.15.3.jar;C:\Users\Usuario\.m2\repository\org\pitest\pitest-entry\1.15.3\pitest-entry-1.15.3.jar;C:\Users\Usuario\.m2\repository\org\apache\commons\commons-text\1.10.0\commons-text-1.10.0.jar;C:\Users\Usuario\.m2\repository\org\apache\commons\commons-lang3\3.12.0\commons-lang3-3.12.0.jar;C:\Users\Usuario\.m2\repository\org\pitest\pitest-html-report\1.15.3\pitest-html-report-1.15.3.jar;C:\Users\Usuario\.m2\repository\org\pitest\pitest-aggregator\1.15.3\pitest-aggregator-1.15.3.jar;C:\Users\Usuario\.m2\repository\com\fasterxml\jackson\dataformat\jackson-dataformat-xml\2.13.3\jackson-dataformat-xml-2.13.3.jar;C:\Users\Usuario\.m2\repository\com\fasterxml\jackson\core\jackson-core\2.13.3\jackson-core-2.13.3.jar;C:\Users\Usuario\.m2\repository\com\fasterxml\jackson\core\jackson-annotations\2.13.3\jackson-annotations-2.13.3.jar;C:\Users\Usuario\.m2\repository\com\fasterxml\jackson\core\jackson-databind\2.13.3\jackson-databind-2.13.3.jar;C:\Users\Usuario\.m2\repository\org\codehaus\woodstox\stax2-api\4.2.1\stax2-api-4.2.1.jar;C:\Users\Usuario\.m2\repository\com\fasterxml\woodstox\woodstox-core\6.2.7\woodstox-core-6.2.7.jar;C:\Users\Usuario\.m2\repository\org\apache\maven\reporting\maven-reporting-api\3.1.0\maven-reporting-api-3.1.0.jar;C:\Users\Usuario\.m2\repository\org\apache\maven\doxia\doxia-sink-api\1.11.1\doxia-sink-api-1.11.1.jar;C:\Users\Usuario\.m2\repository\org\apache\maven\doxia\doxia-logging-api\1.11.1\doxia-logging-api-1.11.1.jar;C:\Users\Usuario\.m2\repository\commons-collections\commons-collections\3.2.2\commons-collections-3.2.2.jar;C:\Users\Usuario\.m2\repository\commons-beanutils\commons-beanutils\1.9.4\commons-beanutils-1.9.4.jar;C:\Users\Usuario\.m2\repository\commons-logging\commons-logging\1.2\commons-logging-1.2.jar;C:\Users\Usuario\.m2\repository\org\codehaus\plexus\plexus-utils\3.3.1\plexus-utils-3.3.1.jar;C:\Users\Usuario\.m2\repository\org\apache\maven\reporting\maven-reporting-impl\3.1.0\maven-reporting-impl-3.1.0.jar;C:\Users\Usuario\.m2\repository\org\apache\maven\maven-core\3.1.0\maven-core-3.1.0.jar;C:\Users\Usuario\.m2\repository\org\apache\maven\maven-model\3.1.0\maven-model-3.1.0.jar;C:\Users\Usuario\.m2\repository\org\apache\maven\maven-settings\3.1.0\maven-settings-3.1.0.jar;C:\Users\Usuario\.m2\repository\org\apache\maven\maven-settings-builder\3.1.0\maven-settings-builder-3.1.0.jar;C:\Users\Usuario\.m2\repository\org\apache\maven\maven-repository-metadata\3.1.0\maven-repository-metadata-3.1.0.jar;C:\Users\Usuario\.m2\repository\org\apache\maven\maven-artifact\3.1.0\maven-artifact-3.1.0.jar;C:\Users\Usuario\.m2\repository\org\apache\maven\maven-model-builder\3.1.0\maven-model-builder-3.1.0.jar;C:\Users\Usuario\.m2\repository\org\apache\maven\maven-aether-provider\3.1.0\maven-aether-provider-3.1.0.jar;C:\Users\Usuario\.m2\repository\org\eclipse\aether\aether-spi\0.9.0.M2\aether-spi-0.9.0.M2.jar;C:\Users\Usuario\.m2\repository\org\eclipse\aether\aether-impl\0.9.0.M2\aether-impl-0.9.0.M2.jar;C:\Users\Usuario\.m2\repository\org\eclipse\aether\aether-api\0.9.0.M2\aether-api-0.9.0.M2.jar;C:\Users\Usuario\.m2\repository\org\eclipse\aether\aether-util\0.9.0.M2\aether-util-0.9.0.M2.jar;C:\Users\Usuario\.m2\repository\org\eclipse\sisu\org.eclipse.sisu.plexus\0.0.0.M2a\org.eclipse.sisu.plexus-0.0.0.M2a.jar;C:\Users\Usuario\.m2\repository\javax\enterprise\cdi-api\1.0\cdi-api-1.0.jar;C:\Users\Usuario\.m2\repository\javax\annotation\jsr250-api\1.0\jsr250-api-1.0.jar;C:\Users\Usuario\.m2\repository\javax\inject\javax.inject\1\javax.inject-1.jar;C:\Users\Usuario\.m2\repository\com\google\guava\guava\10.0.1\guava-10.0.1.jar;C:\Users\Usuario\.m2\repository\com\google\code\findbugs\jsr305\1.3.9\jsr305-1.3.9.jar;C:\Users\Usuario\.m2\repository\org\sonatype\sisu\sisu-guice\3.1.0\sisu-guice-3.1.0-no_aop.jar;C:\Users\Usuario\.m2\repository\aopalliance\aopalliance\1.0\aopalliance-1.0.jar;C:\Users\Usuario\.m2\repository\org\eclipse\sisu\org.eclipse.sisu.inject\0.0.0.M2a\org.eclipse.sisu.inject-0.0.0.M2a.jar;C:\Users\Usuario\.m2\repository\asm\asm\3.3.1\asm-3.3.1.jar;C:\Users\Usuario\.m2\repository\org\codehaus\plexus\plexus-interpolation\1.16\plexus-interpolation-1.16.jar;C:\Users\Usuario\.m2\repository\org\codehaus\plexus\plexus-classworlds\2.4.2\plexus-classworlds-2.4.2.jar;C:\Users\Usuario\.m2\repository\org\codehaus\plexus\plexus-component-annotations\1.5.5\plexus-component-annotations-1.5.5.jar;C:\Users\Usuario\.m2\repository\org\sonatype\plexus\plexus-sec-dispatcher\1.3\plexus-sec-dispatcher-1.3.jar;C:\Users\Usuario\.m2\repository\org\sonatype\plexus\plexus-cipher\1.4\plexus-cipher-1.4.jar;C:\Users\Usuario\.m2\repository\org\apache\maven\maven-plugin-api\3.1.0\maven-plugin-api-3.1.0.jar;C:\Users\Usuario\.m2\repository\org\apache\maven\shared\maven-shared-utils\3.3.3\maven-shared-utils-3.3.3.jar;C:\Users\Usuario\.m2\repository\commons-io\commons-io\2.6\commons-io-2.6.jar;C:\Users\Usuario\.m2\repository\org\apache\maven\doxia\doxia-decoration-model\1.11.1\doxia-decoration-model-1.11.1.jar;C:\Users\Usuario\.m2\repository\org\apache\maven\doxia\doxia-core\1.11.1\doxia-core-1.11.1.jar;C:\Users\Usuario\.m2\repository\org\apache\httpcomponents\httpclient\4.5.13\httpclient-4.5.13.jar;C:\Users\Usuario\.m2\repository\commons-codec\commons-codec\1.11\commons-codec-1.11.jar;C:\Users\Usuario\.m2\repository\org\apache\httpcomponents\httpcore\4.4.14\httpcore-4.4.14.jar;C:\Users\Usuario\.m2\repository\org\apache\maven\doxia\doxia-site-renderer\1.11.1\doxia-site-renderer-1.11.1.jar;C:\Users\Usuario\.m2\repository\org\apache\maven\doxia\doxia-skin-model\1.11.1\doxia-skin-model-1.11.1.jar;C:\Users\Usuario\.m2\repository\org\apache\maven\doxia\doxia-module-xhtml\1.11.1\doxia-module-xhtml-1.11.1.jar;C:\Users\Usuario\.m2\repository\org\apache\maven\doxia\doxia-module-xhtml5\1.11.1\doxia-module-xhtml5-1.11.1.jar;C:\Users\Usuario\.m2\repository\org\codehaus\plexus\plexus-i18n\1.0-beta-10\plexus-i18n-1.0-beta-10.jar;C:\Users\Usuario\.m2\repository\org\codehaus\plexus\plexus-velocity\1.2\plexus-velocity-1.2.jar;C:\Users\Usuario\.m2\repository\org\apache\velocity\velocity\1.7\velocity-1.7.jar;C:\Users\Usuario\.m2\repository\org\apache\velocity\velocity-tools\2.0\velocity-tools-2.0.jar;C:\Users\Usuario\.m2\repository\commons-digester\commons-digester\1.8\commons-digester-1.8.jar;C:\Users\Usuario\.m2\repository\commons-chain\commons-chain\1.1\commons-chain-1.1.jar;C:\Users\Usuario\.m2\repository\dom4j\dom4j\1.1\dom4j-1.1.jar;C:\Users\Usuario\.m2\repository\oro\oro\2.0.8\oro-2.0.8.jar;C:\Users\Usuario\.m2\repository\backport-util-concurrent\backport-util-concurrent\3.1\backport-util-concurrent-3.1.jar;C:\Users\Usuario\.m2\repository\org\apache\maven\scm\maven-scm-api\1.9.4\maven-scm-api-1.9.4.jar;C:\Users\Usuario\.m2\repository\org\apache\maven\scm\maven-scm-manager-plexus\1.9.4\maven-scm-manager-plexus-1.9.4.jar;C:\Users\Usuario\.m2\repository\org\codehaus\plexus\plexus-container-default\1.0-alpha-9\plexus-container-default-1.0-alpha-9.jar;C:\Users\Usuario\.m2\repository\junit\junit\3.8.1\junit-3.8.1.jar;C:\Users\Usuario\.m2\repository\classworlds\classworlds\1.1-alpha-2\classworlds-1.1-alpha-2.jar;C:\Users\Usuario\.m2\repository\org\codehaus\groovy\groovy-all\2.4.18\groovy-all-2.4.18.jar;C:\Users\Usuario\.m2\repository\org\apache\maven\scm\maven-scm-provider-accurev\1.9.4\maven-scm-provider-accurev-1.9.4.jar;C:\Users\Usuario\.m2\repository\org\apache\maven\scm\maven-scm-provider-bazaar\1.9.4\maven-scm-provider-bazaar-1.9.4.jar;C:\Users\Usuario\.m2\repository\org\apache\maven\scm\maven-scm-provider-clearcase\1.9.4\maven-scm-provider-clearcase-1.9.4.jar;C:\Users\Usuario\.m2\repository\org\apache\maven\scm\maven-scm-provider-cvsexe\1.9.4\maven-scm-provider-cvsexe-1.9.4.jar;C:\Users\Usuario\.m2\repository\org\apache\maven\scm\maven-scm-provider-cvs-commons\1.9.4\maven-scm-provider-cvs-commons-1.9.4.jar;C:\Users\Usuario\.m2\repository\org\apache\maven\scm\maven-scm-provider-cvsjava\1.9.4\maven-scm-provider-cvsjava-1.9.4.jar;C:\Users\Usuario\.m2\repository\org\netbeans\lib\cvsclient\20060125\cvsclient-20060125.jar;C:\Users\Usuario\.m2\repository\ch\ethz\ganymed\ganymed-ssh2\build210\ganymed-ssh2-build210.jar;C:\Users\Usuario\.m2\repository\org\apache\maven\scm\maven-scm-provider-gitexe\1.9.4\maven-scm-provider-gitexe-1.9.4.jar;C:\Users\Usuario\.m2\repository\commons-lang\commons-lang\2.6\commons-lang-2.6.jar;C:\Users\Usuario\.m2\repository\org\apache\maven\scm\maven-scm-provider-git-commons\1.9.4\maven-scm-provider-git-commons-1.9.4.jar;C:\Users\Usuario\.m2\repository\org\apache\maven\scm\maven-scm-provider-hg\1.9.4\maven-scm-provider-hg-1.9.4.jar;C:\Users\Usuario\.m2\repository\org\apache\maven\scm\maven-scm-provider-perforce\1.9.4\maven-scm-provider-perforce-1.9.4.jar;C:\Users\Usuario\.m2\repository\org\apache\maven\scm\maven-scm-provider-starteam\1.9.4\maven-scm-provider-starteam-1.9.4.jar;C:\Users\Usuario\.m2\repository\org\apache\maven\scm\maven-scm-provider-svnexe\1.9.4\maven-scm-provider-svnexe-1.9.4.jar;C:\Users\Usuario\.m2\repository\org\apache\maven\scm\maven-scm-provider-svn-commons\1.9.4\maven-scm-provider-svn-commons-1.9.4.jar;C:\Users\Usuario\.m2\repository\org\apache\maven\scm\maven-scm-provider-synergy\1.9.4\maven-scm-provider-synergy-1.9.4.jar;C:\Users\Usuario\.m2\repository\org\apache\maven\scm\maven-scm-provider-vss\1.9.4\maven-scm-provider-vss-1.9.4.jar;C:\Users\Usuario\.m2\repository\org\apache\maven\scm\maven-scm-provider-tfs\1.9.4\maven-scm-provider-tfs-1.9.4.jar;C:\Users\Usuario\.m2\repository\org\apache\maven\scm\maven-scm-provider-integrity\1.9.4\maven-scm-provider-integrity-1.9.4.jar;C:\Users\Usuario\.m2\repository\com\mks\api\mksapi-jar\4.10.9049\mksapi-jar-4.10.9049.jar;C:\Users\Usuario\.m2\repository\org\apache\maven\scm\maven-scm-provider-jazz\1.9.4\maven-scm-provider-jazz-1.9.4.jar;C:\Users\Usuario\.m2\repository\org\apache\maven\surefire\surefire-booter\3.0.0-M7\surefire-booter-3.0.0-M7.jar;C:\Users\Usuario\.m2\repository\org\apache\maven\surefire\surefire-api\3.0.0-M7\surefire-api-3.0.0-M7.jar;C:\Users\Usuario\.m2\repository\org\apache\maven\surefire\surefire-logger-api\3.0.0-M7\surefire-logger-api-3.0.0-M7.jar;C:\Users\Usuario\.m2\repository\org\apache\maven\surefire\surefire-extensions-spi\3.0.0-M7\surefire-extensions-spi-3.0.0-M7.jar;C:\Users\Usuario\.m2\repository\org\apache\maven\surefire\maven-surefire-common\3.0.0-M7\maven-surefire-common-3.0.0-M7.jar;C:\Users\Usuario\.m2\repository\org\apache\maven\surefire\surefire-extensions-api\3.0.0-M7\surefire-extensions-api-3.0.0-M7.jar;C:\Users\Usuario\.m2\repository\org\apache\maven\shared\maven-common-artifact-filters\3.1.1\maven-common-artifact-filters-3.1.1.jar;C:\Users\Usuario\.m2\repository\org\codehaus\plexus\plexus-java\1.1.1\plexus-java-1.1.1.jar;C:\Users\Usuario\.m2\repository\org\ow2\asm\asm\9.2\asm-9.2.jar;C:\Users\Usuario\.m2\repository\com\thoughtworks\qdox\qdox\2.0.1\qdox-2.0.1.jar;C:\Users\Usuario\.m2\repository\org\apache\maven\surefire\surefire-shared-utils\3.0.0-M7\surefire-shared-utils-3.0.0-M7.jar;C:\Users\Usuario\.m2\repository\org\slf4j\jul-to-slf4j\1.7.12\jul-to-slf4j-1.7.12.jar;C:\Users\Usuario\.m2\repository\uk\org\lidalia\sysout-over-slf4j\1.0.2\sysout-over-slf4j-1.0.2.jar;C:\Users\Usuario\.m2\repository\org\pitest\pitest-testng-plugin\1.0.0\pitest-testng-plugin-1.0.0.jar;"/>
    <property name="java.vm.vendor" value="Eclipse Adoptium"/>
    <property name="sun.arch.data.model" value="64"/>
    <property name="user.variant" value=""/>
    <property name="java.vendor.url" value="https://adoptium.net/"/>
    <property name="user.timezone" value="America/Buenos_Aires"/>
    <property name="os.name" value="Windows 10"/>
    <property name="java.vm.specification.version" value="17"/>
    <property name="sun.java.launcher" value="SUN_STANDARD"/>
    <property name="user.country" value="US"/>
    <property name="sun.boot.library.path" value="C:\Users\Usuario\AppData\Local\Programs\Eclipse Adoptium\jdk-17.0.9.9-hotspot\bin"/>
    <property name="sun.java.command" value="C:\Users\Usuario\AppData\Local\Temp\surefire236156974292268942\surefirebooter-20231231002714681_3.jar C:\Users\Usuario\AppData\Local\Temp\surefire236156974292268942 2023-12-31T00-27-14_429-jvmRun1 surefire-20231231002714681_1tmp surefire_0-20231231002714681_2tmp"/>
    <property name="jdk.debug" value="release"/>
    <property name="surefire.test.class.path" value="c:\Users\Usuario\Downloads\Materias\TDV\TP Integrador-20231218T170046Z-001\Entrega TP Integrador Carli Marlene\mutation\mutation-proyect\target\test-classes;c:\Users\Usuario\Downloads\Materias\TDV\TP Integrador-20231218T170046Z-001\Entrega TP Integrador Carli Marlene\mutation\mutation-proyect\target\classes;C:\Users\Usuario\.m2\repository\org\testng\testng\7.9.0\testng-7.9.0.jar;C:\Users\Usuario\.m2\repository\org\slf4j\slf4j-api\1.7.36\slf4j-api-1.7.36.jar;C:\Users\Usuario\.m2\repository\com\beust\jcommander\1.82\jcommander-1.82.jar;C:\Users\Usuario\.m2\repository\org\webjars\jquery\3.7.1\jquery-3.7.1.jar;C:\Users\Usuario\.m2\repository\org\pitest\pitest\1.15.3\pitest-1.15.3.jar;C:\Users\Usuario\.m2\repository\org\pitest\pitest-maven\1.15.3\pitest-maven-1.15.3.jar;C:\Users\Usuario\.m2\repository\org\pitest\pitest-entry\1.15.3\pitest-entry-1.15.3.jar;C:\Users\Usuario\.m2\repository\org\apache\commons\commons-text\1.10.0\commons-text-1.10.0.jar;C:\Users\Usuario\.m2\repository\org\apache\commons\commons-lang3\3.12.0\commons-lang3-3.12.0.jar;C:\Users\Usuario\.m2\repository\org\pitest\pitest-html-report\1.15.3\pitest-html-report-1.15.3.jar;C:\Users\Usuario\.m2\repository\org\pitest\pitest-aggregator\1.15.3\pitest-aggregator-1.15.3.jar;C:\Users\Usuario\.m2\repository\com\fasterxml\jackson\dataformat\jackson-dataformat-xml\2.13.3\jackson-dataformat-xml-2.13.3.jar;C:\Users\Usuario\.m2\repository\com\fasterxml\jackson\core\jackson-core\2.13.3\jackson-core-2.13.3.jar;C:\Users\Usuario\.m2\repository\com\fasterxml\jackson\core\jackson-annotations\2.13.3\jackson-annotations-2.13.3.jar;C:\Users\Usuario\.m2\repository\com\fasterxml\jackson\core\jackson-databind\2.13.3\jackson-databind-2.13.3.jar;C:\Users\Usuario\.m2\repository\org\codehaus\woodstox\stax2-api\4.2.1\stax2-api-4.2.1.jar;C:\Users\Usuario\.m2\repository\com\fasterxml\woodstox\woodstox-core\6.2.7\woodstox-core-6.2.7.jar;C:\Users\Usuario\.m2\repository\org\apache\maven\reporting\maven-reporting-api\3.1.0\maven-reporting-api-3.1.0.jar;C:\Users\Usuario\.m2\repository\org\apache\maven\doxia\doxia-sink-api\1.11.1\doxia-sink-api-1.11.1.jar;C:\Users\Usuario\.m2\repository\org\apache\maven\doxia\doxia-logging-api\1.11.1\doxia-logging-api-1.11.1.jar;C:\Users\Usuario\.m2\repository\commons-collections\commons-collections\3.2.2\commons-collections-3.2.2.jar;C:\Users\Usuario\.m2\repository\commons-beanutils\commons-beanutils\1.9.4\commons-beanutils-1.9.4.jar;C:\Users\Usuario\.m2\repository\commons-logging\commons-logging\1.2\commons-logging-1.2.jar;C:\Users\Usuario\.m2\repository\org\codehaus\plexus\plexus-utils\3.3.1\plexus-utils-3.3.1.jar;C:\Users\Usuario\.m2\repository\org\apache\maven\reporting\maven-reporting-impl\3.1.0\maven-reporting-impl-3.1.0.jar;C:\Users\Usuario\.m2\repository\org\apache\maven\maven-core\3.1.0\maven-core-3.1.0.jar;C:\Users\Usuario\.m2\repository\org\apache\maven\maven-model\3.1.0\maven-model-3.1.0.jar;C:\Users\Usuario\.m2\repository\org\apache\maven\maven-settings\3.1.0\maven-settings-3.1.0.jar;C:\Users\Usuario\.m2\repository\org\apache\maven\maven-settings-builder\3.1.0\maven-settings-builder-3.1.0.jar;C:\Users\Usuario\.m2\repository\org\apache\maven\maven-repository-metadata\3.1.0\maven-repository-metadata-3.1.0.jar;C:\Users\Usuario\.m2\repository\org\apache\maven\maven-artifact\3.1.0\maven-artifact-3.1.0.jar;C:\Users\Usuario\.m2\repository\org\apache\maven\maven-model-builder\3.1.0\maven-model-builder-3.1.0.jar;C:\Users\Usuario\.m2\repository\org\apache\maven\maven-aether-provider\3.1.0\maven-aether-provider-3.1.0.jar;C:\Users\Usuario\.m2\repository\org\eclipse\aether\aether-spi\0.9.0.M2\aether-spi-0.9.0.M2.jar;C:\Users\Usuario\.m2\repository\org\eclipse\aether\aether-impl\0.9.0.M2\aether-impl-0.9.0.M2.jar;C:\Users\Usuario\.m2\repository\org\eclipse\aether\aether-api\0.9.0.M2\aether-api-0.9.0.M2.jar;C:\Users\Usuario\.m2\repository\org\eclipse\aether\aether-util\0.9.0.M2\aether-util-0.9.0.M2.jar;C:\Users\Usuario\.m2\repository\org\eclipse\sisu\org.eclipse.sisu.plexus\0.0.0.M2a\org.eclipse.sisu.plexus-0.0.0.M2a.jar;C:\Users\Usuario\.m2\repository\javax\enterprise\cdi-api\1.0\cdi-api-1.0.jar;C:\Users\Usuario\.m2\repository\javax\annotation\jsr250-api\1.0\jsr250-api-1.0.jar;C:\Users\Usuario\.m2\repository\javax\inject\javax.inject\1\javax.inject-1.jar;C:\Users\Usuario\.m2\repository\com\google\guava\guava\10.0.1\guava-10.0.1.jar;C:\Users\Usuario\.m2\repository\com\google\code\findbugs\jsr305\1.3.9\jsr305-1.3.9.jar;C:\Users\Usuario\.m2\repository\org\sonatype\sisu\sisu-guice\3.1.0\sisu-guice-3.1.0-no_aop.jar;C:\Users\Usuario\.m2\repository\aopalliance\aopalliance\1.0\aopalliance-1.0.jar;C:\Users\Usuario\.m2\repository\org\eclipse\sisu\org.eclipse.sisu.inject\0.0.0.M2a\org.eclipse.sisu.inject-0.0.0.M2a.jar;C:\Users\Usuario\.m2\repository\asm\asm\3.3.1\asm-3.3.1.jar;C:\Users\Usuario\.m2\repository\org\codehaus\plexus\plexus-interpolation\1.16\plexus-interpolation-1.16.jar;C:\Users\Usuario\.m2\repository\org\codehaus\plexus\plexus-classworlds\2.4.2\plexus-classworlds-2.4.2.jar;C:\Users\Usuario\.m2\repository\org\codehaus\plexus\plexus-component-annotations\1.5.5\plexus-component-annotations-1.5.5.jar;C:\Users\Usuario\.m2\repository\org\sonatype\plexus\plexus-sec-dispatcher\1.3\plexus-sec-dispatcher-1.3.jar;C:\Users\Usuario\.m2\repository\org\sonatype\plexus\plexus-cipher\1.4\plexus-cipher-1.4.jar;C:\Users\Usuario\.m2\repository\org\apache\maven\maven-plugin-api\3.1.0\maven-plugin-api-3.1.0.jar;C:\Users\Usuario\.m2\repository\org\apache\maven\shared\maven-shared-utils\3.3.3\maven-shared-utils-3.3.3.jar;C:\Users\Usuario\.m2\repository\commons-io\commons-io\2.6\commons-io-2.6.jar;C:\Users\Usuario\.m2\repository\org\apache\maven\doxia\doxia-decoration-model\1.11.1\doxia-decoration-model-1.11.1.jar;C:\Users\Usuario\.m2\repository\org\apache\maven\doxia\doxia-core\1.11.1\doxia-core-1.11.1.jar;C:\Users\Usuario\.m2\repository\org\apache\httpcomponents\httpclient\4.5.13\httpclient-4.5.13.jar;C:\Users\Usuario\.m2\repository\commons-codec\commons-codec\1.11\commons-codec-1.11.jar;C:\Users\Usuario\.m2\repository\org\apache\httpcomponents\httpcore\4.4.14\httpcore-4.4.14.jar;C:\Users\Usuario\.m2\repository\org\apache\maven\doxia\doxia-site-renderer\1.11.1\doxia-site-renderer-1.11.1.jar;C:\Users\Usuario\.m2\repository\org\apache\maven\doxia\doxia-skin-model\1.11.1\doxia-skin-model-1.11.1.jar;C:\Users\Usuario\.m2\repository\org\apache\maven\doxia\doxia-module-xhtml\1.11.1\doxia-module-xhtml-1.11.1.jar;C:\Users\Usuario\.m2\repository\org\apache\maven\doxia\doxia-module-xhtml5\1.11.1\doxia-module-xhtml5-1.11.1.jar;C:\Users\Usuario\.m2\repository\org\codehaus\plexus\plexus-i18n\1.0-beta-10\plexus-i18n-1.0-beta-10.jar;C:\Users\Usuario\.m2\repository\org\codehaus\plexus\plexus-velocity\1.2\plexus-velocity-1.2.jar;C:\Users\Usuario\.m2\repository\org\apache\velocity\velocity\1.7\velocity-1.7.jar;C:\Users\Usuario\.m2\repository\org\apache\velocity\velocity-tools\2.0\velocity-tools-2.0.jar;C:\Users\Usuario\.m2\repository\commons-digester\commons-digester\1.8\commons-digester-1.8.jar;C:\Users\Usuario\.m2\repository\commons-chain\commons-chain\1.1\commons-chain-1.1.jar;C:\Users\Usuario\.m2\repository\dom4j\dom4j\1.1\dom4j-1.1.jar;C:\Users\Usuario\.m2\repository\oro\oro\2.0.8\oro-2.0.8.jar;C:\Users\Usuario\.m2\repository\backport-util-concurrent\backport-util-concurrent\3.1\backport-util-concurrent-3.1.jar;C:\Users\Usuario\.m2\repository\org\apache\maven\scm\maven-scm-api\1.9.4\maven-scm-api-1.9.4.jar;C:\Users\Usuario\.m2\repository\org\apache\maven\scm\maven-scm-manager-plexus\1.9.4\maven-scm-manager-plexus-1.9.4.jar;C:\Users\Usuario\.m2\repository\org\codehaus\plexus\plexus-container-default\1.0-alpha-9\plexus-container-default-1.0-alpha-9.jar;C:\Users\Usuario\.m2\repository\junit\junit\3.8.1\junit-3.8.1.jar;C:\Users\Usuario\.m2\repository\classworlds\classworlds\1.1-alpha-2\classworlds-1.1-alpha-2.jar;C:\Users\Usuario\.m2\repository\org\codehaus\groovy\groovy-all\2.4.18\groovy-all-2.4.18.jar;C:\Users\Usuario\.m2\repository\org\apache\maven\scm\maven-scm-provider-accurev\1.9.4\maven-scm-provider-accurev-1.9.4.jar;C:\Users\Usuario\.m2\repository\org\apache\maven\scm\maven-scm-provider-bazaar\1.9.4\maven-scm-provider-bazaar-1.9.4.jar;C:\Users\Usuario\.m2\repository\org\apache\maven\scm\maven-scm-provider-clearcase\1.9.4\maven-scm-provider-clearcase-1.9.4.jar;C:\Users\Usuario\.m2\repository\org\apache\maven\scm\maven-scm-provider-cvsexe\1.9.4\maven-scm-provider-cvsexe-1.9.4.jar;C:\Users\Usuario\.m2\repository\org\apache\maven\scm\maven-scm-provider-cvs-commons\1.9.4\maven-scm-provider-cvs-commons-1.9.4.jar;C:\Users\Usuario\.m2\repository\org\apache\maven\scm\maven-scm-provider-cvsjava\1.9.4\maven-scm-provider-cvsjava-1.9.4.jar;C:\Users\Usuario\.m2\repository\org\netbeans\lib\cvsclient\20060125\cvsclient-20060125.jar;C:\Users\Usuario\.m2\repository\ch\ethz\ganymed\ganymed-ssh2\build210\ganymed-ssh2-build210.jar;C:\Users\Usuario\.m2\repository\org\apache\maven\scm\maven-scm-provider-gitexe\1.9.4\maven-scm-provider-gitexe-1.9.4.jar;C:\Users\Usuario\.m2\repository\commons-lang\commons-lang\2.6\commons-lang-2.6.jar;C:\Users\Usuario\.m2\repository\org\apache\maven\scm\maven-scm-provider-git-commons\1.9.4\maven-scm-provider-git-commons-1.9.4.jar;C:\Users\Usuario\.m2\repository\org\apache\maven\scm\maven-scm-provider-hg\1.9.4\maven-scm-provider-hg-1.9.4.jar;C:\Users\Usuario\.m2\repository\org\apache\maven\scm\maven-scm-provider-perforce\1.9.4\maven-scm-provider-perforce-1.9.4.jar;C:\Users\Usuario\.m2\repository\org\apache\maven\scm\maven-scm-provider-starteam\1.9.4\maven-scm-provider-starteam-1.9.4.jar;C:\Users\Usuario\.m2\repository\org\apache\maven\scm\maven-scm-provider-svnexe\1.9.4\maven-scm-provider-svnexe-1.9.4.jar;C:\Users\Usuario\.m2\repository\org\apache\maven\scm\maven-scm-provider-svn-commons\1.9.4\maven-scm-provider-svn-commons-1.9.4.jar;C:\Users\Usuario\.m2\repository\org\apache\maven\scm\maven-scm-provider-synergy\1.9.4\maven-scm-provider-synergy-1.9.4.jar;C:\Users\Usuario\.m2\repository\org\apache\maven\scm\maven-scm-provider-vss\1.9.4\maven-scm-provider-vss-1.9.4.jar;C:\Users\Usuario\.m2\repository\org\apache\maven\scm\maven-scm-provider-tfs\1.9.4\maven-scm-provider-tfs-1.9.4.jar;C:\Users\Usuario\.m2\repository\org\apache\maven\scm\maven-scm-provider-integrity\1.9.4\maven-scm-provider-integrity-1.9.4.jar;C:\Users\Usuario\.m2\repository\com\mks\api\mksapi-jar\4.10.9049\mksapi-jar-4.10.9049.jar;C:\Users\Usuario\.m2\repository\org\apache\maven\scm\maven-scm-provider-jazz\1.9.4\maven-scm-provider-jazz-1.9.4.jar;C:\Users\Usuario\.m2\repository\org\apache\maven\surefire\surefire-booter\3.0.0-M7\surefire-booter-3.0.0-M7.jar;C:\Users\Usuario\.m2\repository\org\apache\maven\surefire\surefire-api\3.0.0-M7\surefire-api-3.0.0-M7.jar;C:\Users\Usuario\.m2\repository\org\apache\maven\surefire\surefire-logger-api\3.0.0-M7\surefire-logger-api-3.0.0-M7.jar;C:\Users\Usuario\.m2\repository\org\apache\maven\surefire\surefire-extensions-spi\3.0.0-M7\surefire-extensions-spi-3.0.0-M7.jar;C:\Users\Usuario\.m2\repository\org\apache\maven\surefire\maven-surefire-common\3.0.0-M7\maven-surefire-common-3.0.0-M7.jar;C:\Users\Usuario\.m2\repository\org\apache\maven\surefire\surefire-extensions-api\3.0.0-M7\surefire-extensions-api-3.0.0-M7.jar;C:\Users\Usuario\.m2\repository\org\apache\maven\shared\maven-common-artifact-filters\3.1.1\maven-common-artifact-filters-3.1.1.jar;C:\Users\Usuario\.m2\repository\org\codehaus\plexus\plexus-java\1.1.1\plexus-java-1.1.1.jar;C:\Users\Usuario\.m2\repository\org\ow2\asm\asm\9.2\asm-9.2.jar;C:\Users\Usuario\.m2\repository\com\thoughtworks\qdox\qdox\2.0.1\qdox-2.0.1.jar;C:\Users\Usuario\.m2\repository\org\apache\maven\surefire\surefire-shared-utils\3.0.0-M7\surefire-shared-utils-3.0.0-M7.jar;C:\Users\Usuario\.m2\repository\org\slf4j\jul-to-slf4j\1.7.12\jul-to-slf4j-1.7.12.jar;C:\Users\Usuario\.m2\repository\uk\org\lidalia\sysout-over-slf4j\1.0.2\sysout-over-slf4j-1.0.2.jar;C:\Users\Usuario\.m2\repository\org\pitest\pitest-testng-plugin\1.0.0\pitest-testng-plugin-1.0.0.jar;"/>
    <property name="sun.cpu.endian" value="little"/>
    <property name="user.home" value="C:\Users\Usuario"/>
    <property name="user.language" value="en"/>
    <property name="java.specification.vendor" value="Oracle Corporation"/>
    <property name="java.version.date" value="2023-10-17"/>
    <property name="java.home" value="C:\Users\Usuario\AppData\Local\Programs\Eclipse Adoptium\jdk-17.0.9.9-hotspot"/>
    <property name="file.separator" value="\"/>
    <property name="basedir" value="c:\Users\Usuario\Downloads\Materias\TDV\TP Integrador-20231218T170046Z-001\Entrega TP Integrador Carli Marlene\mutation\mutation-proyect"/>
    <property name="java.vm.compressedOopsMode" value="32-bit"/>
    <property name="line.separator" value="&#10;"/>
    <property name="java.vm.specification.vendor" value="Oracle Corporation"/>
    <property name="java.specification.name" value="Java Platform API Specification"/>
    <property name="surefire.real.class.path" value="C:\Users\Usuario\AppData\Local\Temp\surefire236156974292268942\surefirebooter-20231231002714681_3.jar"/>
    <property name="user.script" value=""/>
    <property name="sun.management.compiler" value="HotSpot 64-Bit Tiered Compilers"/>
    <property name="java.runtime.version" value="17.0.9+9"/>
    <property name="user.name" value="Usuario"/>
    <property name="path.separator" value=";"/>
    <property name="os.version" value="10.0"/>
    <property name="java.runtime.name" value="OpenJDK Runtime Environment"/>
    <property name="file.encoding" value="Cp1252"/>
    <property name="java.vm.name" value="OpenJDK 64-Bit Server VM"/>
    <property name="java.vendor.version" value="Temurin-17.0.9+9"/>
    <property name="localRepository" value="C:\Users\Usuario\.m2\repository"/>
    <property name="java.vendor.url.bug" value="https://github.com/adoptium/adoptium-support/issues"/>
    <property name="java.io.tmpdir" value="C:\Users\Usuario\AppData\Local\Temp\"/>
    <property name="java.version" value="17.0.9"/>
    <property name="user.dir" value="c:\Users\Usuario\Downloads\Materias\TDV\TP Integrador-20231218T170046Z-001\Entrega TP Integrador Carli Marlene\mutation\mutation-proyect"/>
    <property name="os.arch" value="amd64"/>
    <property name="java.vm.specification.name" value="Java Virtual Machine Specification"/>
    <property name="sun.os.patch.level" value=""/>
    <property name="native.encoding" value="Cp1252"/>
    <property name="java.library.path" value="C:\Users\Usuario\AppData\Local\Programs\Eclipse Adoptium\jdk-17.0.9.9-hotspot\bin;C:\WINDOWS\Sun\Java\bin;C:\WINDOWS\system32;C:\WINDOWS;C:\WINDOWS\system32;C:\WINDOWS;C:\WINDOWS\System32\Wbem;C:\WINDOWS\System32\WindowsPowerShell\v1.0\;C:\WINDOWS\System32\OpenSSH\;C:\Users\Usuario\Downloads\apache-maven-3.9.6-bin\apache-maven-3.9.6\bin;C:\Users\Usuario\AppData\Local\Programs\Eclipse Adoptium\jdk-17.0.9.9-hotspot\bin;C:\Program Files\Git\cmd;C;C:\Users\Usuario\AppData\Local\Programs\Eclipse Adoptium\jdk-17.0.9.9-hotspot\bin;C:\Users\Usuario\AppData\Local\Microsoft\WindowsApps;;C:\Users\Usuario\AppData\Local\Programs\Microsoft VS Code\bin;."/>
    <property name="java.vm.info" value="mixed mode, sharing"/>
    <property name="java.vendor" value="Eclipse Adoptium"/>
    <property name="java.vm.version" value="17.0.9+9"/>
    <property name="sun.io.unicode.encoding" value="UnicodeLittle"/>
    <property name="java.class.version" value="61.0"/>
  </properties>
  <testcase name="testInscripcionSocio[GÃ³mez, MarÃ­a](1)" classname="mutation.ActividadTest" time="0.005">
    <system-out><![CDATA[Configuring TestNG with: TestNG740Configurator
]]></system-out>
    <system-err><![CDATA[SLF4J: Failed to load class "org.slf4j.impl.StaticLoggerBinder".
SLF4J: Defaulting to no-operation (NOP) logger implementation
SLF4J: See http://www.slf4j.org/codes.html#StaticLoggerBinder for further details.
]]></system-err>
  </testcase>
  <testcase name="testInscripcionSocio[MartÃ­nez, Carlos](2)" classname="mutation.ActividadTest" time="0.0"/>
  <testcase name="testInscripcionSocio[SÃ¡nchez, Ana](3)" classname="mutation.ActividadTest" time="0.0"/>
  <testcase name="testInscripcionSocio[FernÃ¡ndez, Juan](4)" classname="mutation.ActividadTest" time="0.0"/>
  <testcase name="testInscripcionSocio[DÃ­az, Laura](5)" classname="mutation.ActividadTest" time="0.0"/>
  <testcase name="testInscripcionSocio[PÃ©rez, Pedro](6)" classname="mutation.ActividadTest" time="0.001"/>
  <testcase name="testInscripcionSocio[RodrÃ­guez, Elena](7)" classname="mutation.ActividadTest" time="0.001"/>
  <testcase name="testInscripcionSocio[LÃ³pez, Francisco](8)" classname="mutation.ActividadTest" time="0.0"/>
  <testcase name="testInscripcionSocio[Torres, Isabel](9)" classname="mutation.ActividadTest" time="0.0"/>
  <testcase name="testInscripcionSocio[GarcÃ­a, Miguel](10)" classname="mutation.ActividadTest" time="0.001"/>
  <testcase name="testNoInscribirSocioDeEdadInsuficiente" classname="mutation.ActividadTest" time="0.0"/>
  <testcase name="testNoSuperarCupo" classname="mutation.ActividadTest" time="0.0"/>
  <testcase name="testSetEncargado[mutation.Persona@5aa9e4eb](1)" classname="mutation.ActividadTest" time="0.001"/>
  <testcase name="testSetEncargado[mutation.Persona@385c9627](2)" classname="mutation.ActividadTest" time="0.0"/>
  <testcase name="testSetEncargado[mutation.Persona@682b2fa](3)" classname="mutation.ActividadTest" time="0.0"/>
  <testcase name="testSetEncargado[mutation.Persona@7dcf94f8](4)" classname="mutation.ActividadTest" time="0.0"/>
  <testcase name="testSetEncargado[mutation.Persona@31190526](5)" classname="mutation.ActividadTest" time="0.0"/>
  <testcase name="testSetEncargado[mutation.Persona@6743e411](6)" classname="mutation.ActividadTest" time="0.0"/>
  <testcase name="testSetEncargado[mutation.Persona@477b4cdf](7)" classname="mutation.ActividadTest" time="0.0"/>
  <testcase name="testSetEncargado[mutation.Persona@f5958c9](8)" classname="mutation.ActividadTest" time="0.001"/>
  <testcase name="testSetEncargado[mutation.Persona@3eb738bb](9)" classname="mutation.ActividadTest" time="0.001"/>
  <testcase name="testSetEncargado[mutation.Persona@1e800aaa](10)" classname="mutation.ActividadTest" time="0.0"/>
  <testcase name="testSetEncargado[mutation.Persona@6f03482](11)" classname="mutation.ActividadTest" time="0.0"/>
  <testcase name="testSetEncargado[mutation.Persona@179ece50](12)" classname="mutation.ActividadTest" time="0.0"/>
  <testcase name="testSetEncargado[mutation.Persona@3cd3e762](13)" classname="mutation.ActividadTest" time="0.0"/>
  <testcase name="testSetEncargado[mutation.Persona@7eac9008](14)" classname="mutation.ActividadTest" time="0.0"/>
  <testcase name="testSetEncargado[mutation.Persona@62ddbd7e](15)" classname="mutation.ActividadTest" time="0.0"/>
  <testcase name="asociarPersona[mutation.Persona@489115ef](1)" classname="mutation.NominaSocioTest" time="0.003">
    <system-out><![CDATA[comparando
Gomez, Maria dni 12345678 idSoc 0
Gomez, Maria dni 12345678 idSoc 0
resultado
true
]]></system-out>
  </testcase>
  <testcase name="asociarPersona[mutation.Persona@198b6731](2)" classname="mutation.NominaSocioTest" time="0.013">
    <system-out><![CDATA[comparando
Martinez, Carlos dni 87654321 idSoc 1
Gomez, Maria dni 12345678 idSoc 0
resultado
false
comparando
Martinez, Carlos dni 87654321 idSoc 1
Martinez, Carlos dni 87654321 idSoc 1
resultado
true
]]></system-out>
  </testcase>
  <testcase name="asociarPersona[mutation.Persona@3c9754d8](3)" classname="mutation.NominaSocioTest" time="0.017">
    <system-out><![CDATA[comparando
Sanchez, Ana dni 23456789 idSoc 2
Gomez, Maria dni 12345678 idSoc 0
resultado
false
comparando
Sanchez, Ana dni 23456789 idSoc 2
Martinez, Carlos dni 87654321 idSoc 1
resultado
false
comparando
Sanchez, Ana dni 23456789 idSoc 2
Sanchez, Ana dni 23456789 idSoc 2
resultado
true
]]></system-out>
  </testcase>
  <testcase name="asociarPersona[mutation.Persona@79079097](4)" classname="mutation.NominaSocioTest" time="0.012">
    <system-out><![CDATA[comparando
Fernandez, Juan dni 34567890 idSoc 3
Gomez, Maria dni 12345678 idSoc 0
resultado
false
comparando
Fernandez, Juan dni 34567890 idSoc 3
Martinez, Carlos dni 87654321 idSoc 1
resultado
false
comparando
Fernandez, Juan dni 34567890 idSoc 3
Sanchez, Ana dni 23456789 idSoc 2
resultado
false
comparando
Fernandez, Juan dni 34567890 idSoc 3
Fernandez, Juan dni 34567890 idSoc 3
resultado
true
]]></system-out>
  </testcase>
  <testcase name="asociarPersona[mutation.Persona@4b2bac3f](5)" classname="mutation.NominaSocioTest" time="0.019">
    <system-out><![CDATA[comparando
Diaz, Laura dni 45678901 idSoc 4
Gomez, Maria dni 12345678 idSoc 0
resultado
false
comparando
Diaz, Laura dni 45678901 idSoc 4
Martinez, Carlos dni 87654321 idSoc 1
resultado
false
comparando
Diaz, Laura dni 45678901 idSoc 4
Sanchez, Ana dni 23456789 idSoc 2
resultado
false
comparando
Diaz, Laura dni 45678901 idSoc 4
Fernandez, Juan dni 34567890 idSoc 3
resultado
false
comparando
Diaz, Laura dni 45678901 idSoc 4
Diaz, Laura dni 45678901 idSoc 4
resultado
true
]]></system-out>
  </testcase>
  <testcase name="asociarPersona[mutation.Persona@bcec361](6)" classname="mutation.NominaSocioTest" time="0.022">
    <system-out><![CDATA[comparando
Perez, Pedro dni 56789012 idSoc 5
Gomez, Maria dni 12345678 idSoc 0
resultado
false
comparando
Perez, Pedro dni 56789012 idSoc 5
Martinez, Carlos dni 87654321 idSoc 1
resultado
false
comparando
Perez, Pedro dni 56789012 idSoc 5
Sanchez, Ana dni 23456789 idSoc 2
resultado
false
comparando
Perez, Pedro dni 56789012 idSoc 5
Fernandez, Juan dni 34567890 idSoc 3
resultado
false
comparando
Perez, Pedro dni 56789012 idSoc 5
Diaz, Laura dni 45678901 idSoc 4
resultado
false
comparando
Perez, Pedro dni 56789012 idSoc 5
Perez, Pedro dni 56789012 idSoc 5
resultado
true
]]></system-out>
  </testcase>
  <testcase name="asociarPersona[mutation.Persona@302552ec](7)" classname="mutation.NominaSocioTest" time="0.054">
    <system-out><![CDATA[comparando
Rodriguez, Elena dni 67890123 idSoc 6
Gomez, Maria dni 12345678 idSoc 0
resultado
false
comparando
Rodriguez, Elena dni 67890123 idSoc 6
Martinez, Carlos dni 87654321 idSoc 1
resultado
false
comparando
Rodriguez, Elena dni 67890123 idSoc 6
Sanchez, Ana dni 23456789 idSoc 2
resultado
false
comparando
Rodriguez, Elena dni 67890123 idSoc 6
Fernandez, Juan dni 34567890 idSoc 3
resultado
false
comparando
Rodriguez, Elena dni 67890123 idSoc 6
Diaz, Laura dni 45678901 idSoc 4
resultado
false
comparando
Rodriguez, Elena dni 67890123 idSoc 6
Perez, Pedro dni 56789012 idSoc 5
resultado
false
comparando
Rodriguez, Elena dni 67890123 idSoc 6
Rodriguez, Elena dni 67890123 idSoc 6
resultado
true
]]></system-out>
  </testcase>
  <testcase name="asociarPersona[mutation.Persona@40005471](8)" classname="mutation.NominaSocioTest" time="0.018">
    <system-out><![CDATA[comparando
Lopez, Francisco dni 78901234 idSoc 7
Gomez, Maria dni 12345678 idSoc 0
resultado
false
comparando
Lopez, Francisco dni 78901234 idSoc 7
Martinez, Carlos dni 87654321 idSoc 1
resultado
false
comparando
Lopez, Francisco dni 78901234 idSoc 7
Sanchez, Ana dni 23456789 idSoc 2
resultado
false
comparando
Lopez, Francisco dni 78901234 idSoc 7
Fernandez, Juan dni 34567890 idSoc 3
resultado
false
comparando
Lopez, Francisco dni 78901234 idSoc 7
Diaz, Laura dni 45678901 idSoc 4
resultado
false
comparando
Lopez, Francisco dni 78901234 idSoc 7
Perez, Pedro dni 56789012 idSoc 5
resultado
false
comparando
Lopez, Francisco dni 78901234 idSoc 7
Rodriguez, Elena dni 67890123 idSoc 6
resultado
false
comparando
Lopez, Francisco dni 78901234 idSoc 7
Lopez, Francisco dni 78901234 idSoc 7
resultado
true
]]></system-out>
  </testcase>
  <testcase name="asociarPersona[mutation.Persona@367ffa75](9)" classname="mutation.NominaSocioTest" time="0.038">
    <system-out><![CDATA[comparando
Torres, Isabel dni 89012345 idSoc 8
Gomez, Maria dni 12345678 idSoc 0
resultado
false
comparando
Torres, Isabel dni 89012345 idSoc 8
Martinez, Carlos dni 87654321 idSoc 1
resultado
false
comparando
Torres, Isabel dni 89012345 idSoc 8
Sanchez, Ana dni 23456789 idSoc 2
resultado
false
comparando
Torres, Isabel dni 89012345 idSoc 8
Fernandez, Juan dni 34567890 idSoc 3
resultado
false
comparando
Torres, Isabel dni 89012345 idSoc 8
Diaz, Laura dni 45678901 idSoc 4
resultado
false
comparando
Torres, Isabel dni 89012345 idSoc 8
Perez, Pedro dni 56789012 idSoc 5
resultado
false
comparando
Torres, Isabel dni 89012345 idSoc 8
Rodriguez, Elena dni 67890123 idSoc 6
resultado
false
comparando
Torres, Isabel dni 89012345 idSoc 8
Lopez, Francisco dni 78901234 idSoc 7
resultado
false
comparando
Torres, Isabel dni 89012345 idSoc 8
Torres, Isabel dni 89012345 idSoc 8
resultado
true
]]></system-out>
  </testcase>
  <testcase name="asociarPersona[mutation.Persona@ba2f4ec](10)" classname="mutation.NominaSocioTest" time="0.018">
    <system-out><![CDATA[comparando
Garcia, Miguel dni 90123456 idSoc 9
Gomez, Maria dni 12345678 idSoc 0
resultado
false
comparando
Garcia, Miguel dni 90123456 idSoc 9
Martinez, Carlos dni 87654321 idSoc 1
resultado
false
comparando
Garcia, Miguel dni 90123456 idSoc 9
Sanchez, Ana dni 23456789 idSoc 2
resultado
false
comparando
Garcia, Miguel dni 90123456 idSoc 9
Fernandez, Juan dni 34567890 idSoc 3
resultado
false
comparando
Garcia, Miguel dni 90123456 idSoc 9
Diaz, Laura dni 45678901 idSoc 4
resultado
false
comparando
Garcia, Miguel dni 90123456 idSoc 9
Perez, Pedro dni 56789012 idSoc 5
resultado
false
comparando
Garcia, Miguel dni 90123456 idSoc 9
Rodriguez, Elena dni 67890123 idSoc 6
resultado
false
comparando
Garcia, Miguel dni 90123456 idSoc 9
Lopez, Francisco dni 78901234 idSoc 7
resultado
false
comparando
Garcia, Miguel dni 90123456 idSoc 9
Torres, Isabel dni 89012345 idSoc 8
resultado
false
comparando
Garcia, Miguel dni 90123456 idSoc 9
Garcia, Miguel dni 90123456 idSoc 9
resultado
true
]]></system-out>
  </testcase>
  <testcase name="bajaSocio" classname="mutation.NominaSocioTest" time="0.031">
    <system-out><![CDATA[comparando
Gomez, Maria dni 12345678 idSoc 0
Gomez, Maria dni 12345678 idSoc 0
resultado
true
comparando
Gomez, Maria dni 12345678 idSoc 0
Gomez, Maria dni 12345678 idSoc 0
resultado
true
comparando
Gomez, Maria dni 12345678 idSoc 0
Martinez, Carlos dni 87654321 idSoc 1
resultado
false
comparando
Gomez, Maria dni 12345678 idSoc 0
Sanchez, Ana dni 23456789 idSoc 2
resultado
false
comparando
Gomez, Maria dni 12345678 idSoc 0
Fernandez, Juan dni 34567890 idSoc 3
resultado
false
comparando
Gomez, Maria dni 12345678 idSoc 0
Diaz, Laura dni 45678901 idSoc 4
resultado
false
comparando
Gomez, Maria dni 12345678 idSoc 0
Perez, Pedro dni 56789012 idSoc 5
resultado
false
comparando
Gomez, Maria dni 12345678 idSoc 0
Rodriguez, Elena dni 67890123 idSoc 6
resultado
false
comparando
Gomez, Maria dni 12345678 idSoc 0
Lopez, Francisco dni 78901234 idSoc 7
resultado
false
comparando
Gomez, Maria dni 12345678 idSoc 0
Torres, Isabel dni 89012345 idSoc 8
resultado
false
comparando
Gomez, Maria dni 12345678 idSoc 0
Garcia, Miguel dni 90123456 idSoc 9
resultado
false
]]></system-out>
  </testcase>
  <testcase name="bajaThrowsNoExisteSocio" classname="mutation.NominaSocioTest" time="0.024">
    <system-out><![CDATA[comparando
Gomez, Maria dni 12345678 idSoc 0
Martinez, Carlos dni 87654321 idSoc 1
resultado
false
comparando
Gomez, Maria dni 12345678 idSoc 0
Sanchez, Ana dni 23456789 idSoc 2
resultado
false
comparando
Gomez, Maria dni 12345678 idSoc 0
Fernandez, Juan dni 34567890 idSoc 3
resultado
false
comparando
Gomez, Maria dni 12345678 idSoc 0
Diaz, Laura dni 45678901 idSoc 4
resultado
false
comparando
Gomez, Maria dni 12345678 idSoc 0
Perez, Pedro dni 56789012 idSoc 5
resultado
false
comparando
Gomez, Maria dni 12345678 idSoc 0
Rodriguez, Elena dni 67890123 idSoc 6
resultado
false
comparando
Gomez, Maria dni 12345678 idSoc 0
Lopez, Francisco dni 78901234 idSoc 7
resultado
false
comparando
Gomez, Maria dni 12345678 idSoc 0
Torres, Isabel dni 89012345 idSoc 8
resultado
false
comparando
Gomez, Maria dni 12345678 idSoc 0
Garcia, Miguel dni 90123456 idSoc 9
resultado
false
]]></system-out>
  </testcase>
</testsuite>